<?xml version="1.0" encoding="UTF-8"?>
<!-- Generated by org.testng.reporters.JUnitXMLReporter -->
<testsuite ignored="0" hostname="LAPTOP-TCIAROPJ" failures="0" tests="13" name="Default test" time="107.232" errors="0" timestamp="2024-01-02T20:54:28 IST">
  <testcase classname="testng_package.Practice2" name="registration" time="5.175"/>
  <testcase classname="testng_package.Practice2" name="login" time="4.579"/>
  <testcase classname="testng_package.Practice2" name="hoodie_title_verified" time="3.081"/>
  <testcase classname="testng_package.Practice2" name="jacket_add_card" time="3.085"/>
  <testcase classname="testng_package.Practice2" name="tees_add_card" time="2.469"/>
  <testcase classname="testng_package.Practice2" name="pants_add_card" time="2.19"/>
  <testcase classname="testng_package.Practice2" name="shorts_add_card" time="5.141"/>
  <testcase classname="testng_package.Practice2" name="hoodie_title" time="3.134"/>
  <testcase classname="testng_package.Practice2" name="jacket_title" time="4.133"/>
  <testcase classname="testng_package.Practice2" name="tees_title" time="2.835"/>
  <testcase classname="testng_package.Practice2" name="tanks_title" time="4.301"/>
  <testcase classname="testng_package.Practice2" name="pants_title" time="4.0"/>
  <testcase classname="testng_package.Practice2" name="shorts_title" time="4.334"/>
</testsuite> <!-- Default test -->
