<?xml version="1.0" encoding="UTF-8"?>
<testng-results ignored="0" total="1" passed="1" failed="0" skipped="0">
  <reporter-output>
  </reporter-output>
  <suite started-at="2024-01-09T09:30:15 IST" name="Default suite" finished-at="2024-01-09T09:30:30 IST" duration-ms="15156">
    <groups>
    </groups>
    <test started-at="2024-01-09T09:30:15 IST" name="Default test" finished-at="2024-01-09T09:30:30 IST" duration-ms="15156">
      <class name="first_pack.first_cls">
        <test-method signature="a()[pri:0, instance:first_pack.first_cls@2b48a640]" started-at="2024-01-09T09:30:15 IST" name="a" finished-at="2024-01-09T09:30:30 IST" duration-ms="15117" status="PASS">
          <reporter-output>
          </reporter-output>
        </test-method> <!-- a -->
      </class> <!-- first_pack.first_cls -->
    </test> <!-- Default test -->
  </suite> <!-- Default suite -->
</testng-results>
